<?xml version="1.0" encoding="UTF-8"?>
<testsuite name="com.me.bank.engine.AnalysisEngineTest" tests="1" skipped="0" failures="0" errors="0" timestamp="2019-04-21T14:07:20" hostname="WKSP000A67C8" time="0.028">
  <properties/>
  <testcase name="testingAnalyseTransactions" classname="com.me.bank.engine.AnalysisEngineTest" time="0.028"/>
  <system-out><![CDATA[]]></system-out>
  <system-err><![CDATA[]]></system-err>
</testsuite>
